CMake Deprecation Warning at CMakeLists.txt:1 (cmake_minimum_required):
  Compatibility with CMake < 3.10 will be removed from a future version of
  CMake.

  Update the VERSION argument <min> value.  Or, use the <min>...<max> syntax
  to tell CMake that the project requires at least <min> but has been updated
  to work with policies introduced by <max> or earlier.


-- The C compiler identification is Clang 19.1.7
-- The CXX compiler identification is Clang 19.1.7
-- Detecting C compiler ABI info
-- Detecting C compiler ABI info - done
-- Check for working C compiler: /Users/woong/source/Auto_RC/.pixi/envs/default/bin/arm64-apple-darwin20.0.0-clang - skipped
-- Detecting C compile features
-- Detecting C compile features - done
-- Detecting CXX compiler ABI info
-- Detecting CXX compiler ABI info - done
-- Check for working CXX compiler: /Users/woong/source/Auto_RC/.pixi/envs/default/bin/arm64-apple-darwin20.0.0-clang++ - skipped
-- Detecting CXX compile features
-- Detecting CXX compile features - done
-- Found ament_cmake: 1.3.13 (/Users/woong/source/Auto_RC/.pixi/envs/default/share/ament_cmake/cmake)
-- Found Python3: /Users/woong/source/Auto_RC/.pixi/envs/default/bin/python3 (found version "3.12.13") found components: Interpreter
-- Override CMake install command with custom implementation using symlinks instead of copying resources
-- Configuring done (1.0s)
-- Generating done (0.0s)
-- Build files have been written to: /Users/woong/source/Auto_RC/build/auto_rc
-- Install configuration: ""
-- Execute custom install script
-- Symlinking: /Users/woong/source/Auto_RC/install/auto_rc/share/auto_rc/urdf/auto_rc.urdf.xacro
-- Symlinking: /Users/woong/source/Auto_RC/install/auto_rc/share/auto_rc/launch/sim.launch.py
-- Symlinking: /Users/woong/source/Auto_RC/install/auto_rc/share/ament_index/resource_index/package_run_dependencies/auto_rc
-- Symlinking: /Users/woong/source/Auto_RC/install/auto_rc/share/ament_index/resource_index/parent_prefix_path/auto_rc
-- Symlinking: /Users/woong/source/Auto_RC/install/auto_rc/share/auto_rc/environment/ament_prefix_path.sh
-- Symlinking: /Users/woong/source/Auto_RC/install/auto_rc/share/auto_rc/environment/ament_prefix_path.dsv
-- Symlinking: /Users/woong/source/Auto_RC/install/auto_rc/share/auto_rc/environment/path.sh
-- Symlinking: /Users/woong/source/Auto_RC/install/auto_rc/share/auto_rc/environment/path.dsv
-- Symlinking: /Users/woong/source/Auto_RC/install/auto_rc/share/auto_rc/local_setup.bash
-- Symlinking: /Users/woong/source/Auto_RC/install/auto_rc/share/auto_rc/local_setup.sh
-- Symlinking: /Users/woong/source/Auto_RC/install/auto_rc/share/auto_rc/local_setup.zsh
-- Symlinking: /Users/woong/source/Auto_RC/install/auto_rc/share/auto_rc/local_setup.dsv
-- Symlinking: /Users/woong/source/Auto_RC/install/auto_rc/share/auto_rc/package.dsv
-- Symlinking: /Users/woong/source/Auto_RC/install/auto_rc/share/ament_index/resource_index/packages/auto_rc
-- Symlinking: /Users/woong/source/Auto_RC/install/auto_rc/share/auto_rc/cmake/auto_rcConfig.cmake
-- Symlinking: /Users/woong/source/Auto_RC/install/auto_rc/share/auto_rc/cmake/auto_rcConfig-version.cmake
-- Symlinking: /Users/woong/source/Auto_RC/install/auto_rc/share/auto_rc/package.xml
