[0.011s] Invoking command in '/Users/woong/source/Auto_RC/build/auto_rc': CONDA_ENV_SHLVL_2_PIXI_PROMPT=(Auto_RC) CONDA_ENV_SHLVL_3_PIXI_PROMPT=(Auto_RC) PIXI_PROMPT=(Auto_RC) SHLVL=3 _=/usr/bin/env /Users/woong/source/Auto_RC/.pixi/envs/default/bin/cmake /Users/woong/source/Auto_RC/src/auto_rc -DAMENT_CMAKE_SYMLINK_INSTALL=1 -DCMAKE_INSTALL_PREFIX=/Users/woong/source/Auto_RC/install/auto_rc
[0.047s] CMake Deprecation Warning at CMakeLists.txt:1 (cmake_minimum_required):
[0.047s]   Compatibility with CMake < 3.10 will be removed from a future version of
[0.047s]   CMake.
[0.047s] 
[0.047s]   Update the VERSION argument <min> value.  Or, use the <min>...<max> syntax
[0.047s]   to tell CMake that the project requires at least <min> but has been updated
[0.047s]   to work with policies introduced by <max> or earlier.
[0.047s] 
[0.047s] 
[0.314s] -- The C compiler identification is Clang 19.1.7
[0.437s] -- The CXX compiler identification is Clang 19.1.7
[0.459s] -- Detecting C compiler ABI info
[0.588s] -- Detecting C compiler ABI info - done
[0.591s] -- Check for working C compiler: /Users/woong/source/Auto_RC/.pixi/envs/default/bin/arm64-apple-darwin20.0.0-clang - skipped
[0.591s] -- Detecting C compile features
[0.592s] -- Detecting C compile features - done
[0.596s] -- Detecting CXX compiler ABI info
[0.719s] -- Detecting CXX compiler ABI info - done
[0.722s] -- Check for working CXX compiler: /Users/woong/source/Auto_RC/.pixi/envs/default/bin/arm64-apple-darwin20.0.0-clang++ - skipped
[0.722s] -- Detecting CXX compile features
[0.723s] -- Detecting CXX compile features - done
[0.733s] -- Found ament_cmake: 1.3.13 (/Users/woong/source/Auto_RC/.pixi/envs/default/share/ament_cmake/cmake)
[0.819s] -- Found Python3: /Users/woong/source/Auto_RC/.pixi/envs/default/bin/python3 (found version "3.12.13") found components: Interpreter
[0.861s] -- Override CMake install command with custom implementation using symlinks instead of copying resources
[1.021s] -- Configuring done (1.0s)
[1.028s] -- Generating done (0.0s)
[1.030s] -- Build files have been written to: /Users/woong/source/Auto_RC/build/auto_rc
[1.032s] Invoked command in '/Users/woong/source/Auto_RC/build/auto_rc' returned '0': CONDA_ENV_SHLVL_2_PIXI_PROMPT=(Auto_RC) CONDA_ENV_SHLVL_3_PIXI_PROMPT=(Auto_RC) PIXI_PROMPT=(Auto_RC) SHLVL=3 _=/usr/bin/env /Users/woong/source/Auto_RC/.pixi/envs/default/bin/cmake /Users/woong/source/Auto_RC/src/auto_rc -DAMENT_CMAKE_SYMLINK_INSTALL=1 -DCMAKE_INSTALL_PREFIX=/Users/woong/source/Auto_RC/install/auto_rc
[1.032s] Invoking command in '/Users/woong/source/Auto_RC/build/auto_rc': CONDA_ENV_SHLVL_2_PIXI_PROMPT=(Auto_RC) CONDA_ENV_SHLVL_3_PIXI_PROMPT=(Auto_RC) PIXI_PROMPT=(Auto_RC) SHLVL=3 _=/usr/bin/env /Users/woong/source/Auto_RC/.pixi/envs/default/bin/cmake --build /Users/woong/source/Auto_RC/build/auto_rc -- -j10 -l10
[1.077s] Invoked command in '/Users/woong/source/Auto_RC/build/auto_rc' returned '0': CONDA_ENV_SHLVL_2_PIXI_PROMPT=(Auto_RC) CONDA_ENV_SHLVL_3_PIXI_PROMPT=(Auto_RC) PIXI_PROMPT=(Auto_RC) SHLVL=3 _=/usr/bin/env /Users/woong/source/Auto_RC/.pixi/envs/default/bin/cmake --build /Users/woong/source/Auto_RC/build/auto_rc -- -j10 -l10
[1.090s] Invoking command in '/Users/woong/source/Auto_RC/build/auto_rc': CONDA_ENV_SHLVL_2_PIXI_PROMPT=(Auto_RC) CONDA_ENV_SHLVL_3_PIXI_PROMPT=(Auto_RC) PIXI_PROMPT=(Auto_RC) SHLVL=3 _=/usr/bin/env /Users/woong/source/Auto_RC/.pixi/envs/default/bin/cmake --install /Users/woong/source/Auto_RC/build/auto_rc
[1.099s] -- Install configuration: ""
[1.099s] -- Execute custom install script
[1.099s] -- Symlinking: /Users/woong/source/Auto_RC/install/auto_rc/share/auto_rc/urdf/auto_rc.urdf.xacro
[1.107s] -- Symlinking: /Users/woong/source/Auto_RC/install/auto_rc/share/auto_rc/launch/sim.launch.py
[1.115s] -- Symlinking: /Users/woong/source/Auto_RC/install/auto_rc/share/ament_index/resource_index/package_run_dependencies/auto_rc
[1.123s] -- Symlinking: /Users/woong/source/Auto_RC/install/auto_rc/share/ament_index/resource_index/parent_prefix_path/auto_rc
[1.131s] -- Symlinking: /Users/woong/source/Auto_RC/install/auto_rc/share/auto_rc/environment/ament_prefix_path.sh
[1.138s] -- Symlinking: /Users/woong/source/Auto_RC/install/auto_rc/share/auto_rc/environment/ament_prefix_path.dsv
[1.146s] -- Symlinking: /Users/woong/source/Auto_RC/install/auto_rc/share/auto_rc/environment/path.sh
[1.154s] -- Symlinking: /Users/woong/source/Auto_RC/install/auto_rc/share/auto_rc/environment/path.dsv
[1.162s] -- Symlinking: /Users/woong/source/Auto_RC/install/auto_rc/share/auto_rc/local_setup.bash
[1.170s] -- Symlinking: /Users/woong/source/Auto_RC/install/auto_rc/share/auto_rc/local_setup.sh
[1.179s] -- Symlinking: /Users/woong/source/Auto_RC/install/auto_rc/share/auto_rc/local_setup.zsh
[1.187s] -- Symlinking: /Users/woong/source/Auto_RC/install/auto_rc/share/auto_rc/local_setup.dsv
[1.195s] -- Symlinking: /Users/woong/source/Auto_RC/install/auto_rc/share/auto_rc/package.dsv
[1.202s] -- Symlinking: /Users/woong/source/Auto_RC/install/auto_rc/share/ament_index/resource_index/packages/auto_rc
[1.210s] -- Symlinking: /Users/woong/source/Auto_RC/install/auto_rc/share/auto_rc/cmake/auto_rcConfig.cmake
[1.218s] -- Symlinking: /Users/woong/source/Auto_RC/install/auto_rc/share/auto_rc/cmake/auto_rcConfig-version.cmake
[1.225s] -- Symlinking: /Users/woong/source/Auto_RC/install/auto_rc/share/auto_rc/package.xml
[1.235s] Invoked command in '/Users/woong/source/Auto_RC/build/auto_rc' returned '0': CONDA_ENV_SHLVL_2_PIXI_PROMPT=(Auto_RC) CONDA_ENV_SHLVL_3_PIXI_PROMPT=(Auto_RC) PIXI_PROMPT=(Auto_RC) SHLVL=3 _=/usr/bin/env /Users/woong/source/Auto_RC/.pixi/envs/default/bin/cmake --install /Users/woong/source/Auto_RC/build/auto_rc
