[0.115s] [34mcolcon[0m [1;30mDEBUG[0m [32mCommand line arguments: ['/Users/woong/source/Auto_RC/.pixi/envs/default/bin/colcon', 'build', '--symlink-install'][0m
[0.115s] [34mcolcon[0m [1;30mDEBUG[0m [32mParsed command line arguments: Namespace(log_base=None, log_level=None, verb_name='build', build_base='build', install_base='install', merge_install=False, symlink_install=True, test_result_base=None, continue_on_error=False, executor='parallel', parallel_workers=10, event_handlers=None, ignore_user_meta=False, metas=['./colcon.meta'], base_paths=['.'], packages_ignore=None, packages_ignore_regex=None, paths=None, packages_up_to=None, packages_up_to_regex=None, packages_above=None, packages_above_and_dependencies=None, packages_above_depth=None, packages_select_by_dep=None, packages_skip_by_dep=None, packages_skip_up_to=None, packages_select_build_failed=False, packages_skip_build_finished=False, packages_select_test_failures=False, packages_skip_test_passed=False, packages_select=None, packages_skip=None, packages_select_regex=None, packages_skip_regex=None, packages_start=None, packages_end=None, cmake_args=None, cmake_target=None, cmake_target_skip_unavailable=False, cmake_clean_cache=False, cmake_clean_first=False, cmake_force_configure=False, ament_cmake_args=None, catkin_cmake_args=None, catkin_skip_building_tests=False, verb_parser=<colcon_defaults.argument_parser.defaults.DefaultArgumentsDecorator object at 0x10213b5f0>, verb_extension=<colcon_core.verb.build.BuildVerb object at 0x10205bf20>, main=<bound method BuildVerb.main of <colcon_core.verb.build.BuildVerb object at 0x10205bf20>>)[0m
[0.140s] [34mcolcon.colcon_core.package_discovery[0m [1;30mLevel 1[0m discover_packages(colcon_meta) check parameters
[0.140s] [34mcolcon.colcon_core.package_discovery[0m [1;30mLevel 1[0m discover_packages(recursive) check parameters
[0.140s] [34mcolcon.colcon_core.package_discovery[0m [1;30mLevel 1[0m discover_packages(ignore) check parameters
[0.140s] [34mcolcon.colcon_core.package_discovery[0m [1;30mLevel 1[0m discover_packages(path) check parameters
[0.140s] [34mcolcon.colcon_core.package_discovery[0m [1;30mLevel 1[0m discover_packages(colcon_meta) discover
[0.140s] [34mcolcon.colcon_core.package_discovery[0m [1;30mLevel 1[0m discover_packages(recursive) discover
[0.140s] [34mcolcon.colcon_core.package_discovery[0m [1;30mINFO[0m Crawling recursively for packages in '/Users/woong/source/Auto_RC'
[0.140s] [34mcolcon.colcon_core.package_identification[0m [1;30mLevel 1[0m _identify(.) by extensions ['ignore', 'ignore_ament_install']
[0.140s] [34mcolcon.colcon_core.package_identification[0m [1;30mLevel 1[0m _identify(.) by extension 'ignore'
[0.140s] [34mcolcon.colcon_core.package_identification[0m [1;30mLevel 1[0m _identify(.) by extension 'ignore_ament_install'
[0.140s] [34mcolcon.colcon_core.package_identification[0m [1;30mLevel 1[0m _identify(.) by extensions ['colcon_pkg']
[0.140s] [34mcolcon.colcon_core.package_identification[0m [1;30mLevel 1[0m _identify(.) by extension 'colcon_pkg'
[0.140s] [34mcolcon.colcon_core.package_identification[0m [1;30mLevel 1[0m _identify(.) by extensions ['colcon_meta']
[0.140s] [34mcolcon.colcon_core.package_identification[0m [1;30mLevel 1[0m _identify(.) by extension 'colcon_meta'
[0.140s] [34mcolcon.colcon_core.package_identification[0m [1;30mLevel 1[0m _identify(.) by extensions ['ros']
[0.140s] [34mcolcon.colcon_core.package_identification[0m [1;30mLevel 1[0m _identify(.) by extension 'ros'
[0.156s] [34mcolcon.colcon_core.package_identification[0m [1;30mLevel 1[0m _identify(.) by extensions ['cmake', 'python']
[0.156s] [34mcolcon.colcon_core.package_identification[0m [1;30mLevel 1[0m _identify(.) by extension 'cmake'
[0.156s] [34mcolcon.colcon_core.package_identification[0m [1;30mLevel 1[0m _identify(.) by extension 'python'
[0.156s] [34mcolcon.colcon_core.package_identification[0m [1;30mLevel 1[0m _identify(.) by extensions ['python_setup_py']
[0.156s] [34mcolcon.colcon_core.package_identification[0m [1;30mLevel 1[0m _identify(.) by extension 'python_setup_py'
[0.157s] [34mcolcon.colcon_core.package_identification[0m [1;30mLevel 1[0m _identify(build) by extensions ['ignore', 'ignore_ament_install']
[0.157s] [34mcolcon.colcon_core.package_identification[0m [1;30mLevel 1[0m _identify(build) by extension 'ignore'
[0.157s] [34mcolcon.colcon_core.package_identification[0m [1;30mLevel 1[0m _identify(build) ignored
[0.157s] [34mcolcon.colcon_core.package_identification[0m [1;30mLevel 1[0m _identify(install) by extensions ['ignore', 'ignore_ament_install']
[0.157s] [34mcolcon.colcon_core.package_identification[0m [1;30mLevel 1[0m _identify(install) by extension 'ignore'
[0.157s] [34mcolcon.colcon_core.package_identification[0m [1;30mLevel 1[0m _identify(install) ignored
[0.157s] [34mcolcon.colcon_core.package_identification[0m [1;30mLevel 1[0m _identify(log) by extensions ['ignore', 'ignore_ament_install']
[0.157s] [34mcolcon.colcon_core.package_identification[0m [1;30mLevel 1[0m _identify(log) by extension 'ignore'
[0.157s] [34mcolcon.colcon_core.package_identification[0m [1;30mLevel 1[0m _identify(log) ignored
[0.157s] [34mcolcon.colcon_core.package_identification[0m [1;30mLevel 1[0m _identify(src) by extensions ['ignore', 'ignore_ament_install']
[0.157s] [34mcolcon.colcon_core.package_identification[0m [1;30mLevel 1[0m _identify(src) by extension 'ignore'
[0.157s] [34mcolcon.colcon_core.package_identification[0m [1;30mLevel 1[0m _identify(src) by extension 'ignore_ament_install'
[0.157s] [34mcolcon.colcon_core.package_identification[0m [1;30mLevel 1[0m _identify(src) by extensions ['colcon_pkg']
[0.157s] [34mcolcon.colcon_core.package_identification[0m [1;30mLevel 1[0m _identify(src) by extension 'colcon_pkg'
[0.157s] [34mcolcon.colcon_core.package_identification[0m [1;30mLevel 1[0m _identify(src) by extensions ['colcon_meta']
[0.157s] [34mcolcon.colcon_core.package_identification[0m [1;30mLevel 1[0m _identify(src) by extension 'colcon_meta'
[0.157s] [34mcolcon.colcon_core.package_identification[0m [1;30mLevel 1[0m _identify(src) by extensions ['ros']
[0.157s] [34mcolcon.colcon_core.package_identification[0m [1;30mLevel 1[0m _identify(src) by extension 'ros'
[0.157s] [34mcolcon.colcon_core.package_identification[0m [1;30mLevel 1[0m _identify(src) by extensions ['cmake', 'python']
[0.157s] [34mcolcon.colcon_core.package_identification[0m [1;30mLevel 1[0m _identify(src) by extension 'cmake'
[0.157s] [34mcolcon.colcon_core.package_identification[0m [1;30mLevel 1[0m _identify(src) by extension 'python'
[0.157s] [34mcolcon.colcon_core.package_identification[0m [1;30mLevel 1[0m _identify(src) by extensions ['python_setup_py']
[0.157s] [34mcolcon.colcon_core.package_identification[0m [1;30mLevel 1[0m _identify(src) by extension 'python_setup_py'
[0.157s] [34mcolcon.colcon_core.package_identification[0m [1;30mLevel 1[0m _identify(src/auto_rc) by extensions ['ignore', 'ignore_ament_install']
[0.157s] [34mcolcon.colcon_core.package_identification[0m [1;30mLevel 1[0m _identify(src/auto_rc) by extension 'ignore'
[0.157s] [34mcolcon.colcon_core.package_identification[0m [1;30mLevel 1[0m _identify(src/auto_rc) by extension 'ignore_ament_install'
[0.157s] [34mcolcon.colcon_core.package_identification[0m [1;30mLevel 1[0m _identify(src/auto_rc) by extensions ['colcon_pkg']
[0.157s] [34mcolcon.colcon_core.package_identification[0m [1;30mLevel 1[0m _identify(src/auto_rc) by extension 'colcon_pkg'
[0.157s] [34mcolcon.colcon_core.package_identification[0m [1;30mLevel 1[0m _identify(src/auto_rc) by extensions ['colcon_meta']
[0.157s] [34mcolcon.colcon_core.package_identification[0m [1;30mLevel 1[0m _identify(src/auto_rc) by extension 'colcon_meta'
[0.157s] [34mcolcon.colcon_core.package_identification[0m [1;30mLevel 1[0m _identify(src/auto_rc) by extensions ['ros']
[0.157s] [34mcolcon.colcon_core.package_identification[0m [1;30mLevel 1[0m _identify(src/auto_rc) by extension 'ros'
[0.159s] [34mcolcon.colcon_core.package_identification[0m [1;30mDEBUG[0m [32mPackage 'src/auto_rc' with type 'ros.ament_cmake' and name 'auto_rc'[0m
[0.159s] [34mcolcon.colcon_core.package_discovery[0m [1;30mLevel 1[0m discover_packages(recursive) using defaults
[0.159s] [34mcolcon.colcon_core.package_discovery[0m [1;30mLevel 1[0m discover_packages(ignore) discover
[0.159s] [34mcolcon.colcon_core.package_discovery[0m [1;30mLevel 1[0m discover_packages(ignore) using defaults
[0.159s] [34mcolcon.colcon_core.package_discovery[0m [1;30mLevel 1[0m discover_packages(path) discover
[0.159s] [34mcolcon.colcon_core.package_discovery[0m [1;30mLevel 1[0m discover_packages(path) using defaults
[0.168s] [34mcolcon.colcon_core.verb[0m [1;30mLevel 5[0m set package 'auto_rc' build argument 'cmake_args' from command line to 'None'
[0.168s] [34mcolcon.colcon_core.verb[0m [1;30mLevel 5[0m set package 'auto_rc' build argument 'cmake_target' from command line to 'None'
[0.168s] [34mcolcon.colcon_core.verb[0m [1;30mLevel 5[0m set package 'auto_rc' build argument 'cmake_target_skip_unavailable' from command line to 'False'
[0.168s] [34mcolcon.colcon_core.verb[0m [1;30mLevel 5[0m set package 'auto_rc' build argument 'cmake_clean_cache' from command line to 'False'
[0.168s] [34mcolcon.colcon_core.verb[0m [1;30mLevel 5[0m set package 'auto_rc' build argument 'cmake_clean_first' from command line to 'False'
[0.168s] [34mcolcon.colcon_core.verb[0m [1;30mLevel 5[0m set package 'auto_rc' build argument 'cmake_force_configure' from command line to 'False'
[0.168s] [34mcolcon.colcon_core.verb[0m [1;30mLevel 5[0m set package 'auto_rc' build argument 'ament_cmake_args' from command line to 'None'
[0.168s] [34mcolcon.colcon_core.verb[0m [1;30mLevel 5[0m set package 'auto_rc' build argument 'catkin_cmake_args' from command line to 'None'
[0.168s] [34mcolcon.colcon_core.verb[0m [1;30mLevel 5[0m set package 'auto_rc' build argument 'catkin_skip_building_tests' from command line to 'False'
[0.168s] [34mcolcon.colcon_core.verb[0m [1;30mDEBUG[0m [32mBuilding package 'auto_rc' with the following arguments: {'ament_cmake_args': None, 'build_base': '/Users/woong/source/Auto_RC/build/auto_rc', 'catkin_cmake_args': None, 'catkin_skip_building_tests': False, 'cmake_args': None, 'cmake_clean_cache': False, 'cmake_clean_first': False, 'cmake_force_configure': False, 'cmake_target': None, 'cmake_target_skip_unavailable': False, 'install_base': '/Users/woong/source/Auto_RC/install/auto_rc', 'merge_install': False, 'path': '/Users/woong/source/Auto_RC/src/auto_rc', 'symlink_install': True, 'test_result_base': None}[0m
[0.168s] [34mcolcon.colcon_core.executor[0m [1;30mINFO[0m Executing jobs using 'parallel' executor
[0.168s] [34mcolcon.colcon_parallel_executor.executor.parallel[0m [1;30mDEBUG[0m [32mrun_until_complete[0m
[0.169s] [34mcolcon.colcon_ros.task.ament_cmake.build[0m [1;30mINFO[0m Building ROS package in '/Users/woong/source/Auto_RC/src/auto_rc' with build type 'ament_cmake'
[0.169s] [34mcolcon.colcon_cmake.task.cmake.build[0m [1;30mINFO[0m Building CMake package in '/Users/woong/source/Auto_RC/src/auto_rc'
[0.170s] [34mcolcon.colcon_core.plugin_system[0m [1;30mINFO[0m Skipping extension 'colcon_core.shell.bat': Not used on non-Windows systems
[0.170s] [34mcolcon.colcon_core.shell[0m [1;30mINFO[0m Skip shell extension 'powershell' for command environment: Not usable outside of PowerShell
[0.170s] [34mcolcon.colcon_core.shell[0m [1;30mDEBUG[0m [32mSkip shell extension 'dsv' for command environment[0m
[0.170s] [34mcolcon.colcon_ros.prefix_path.ament[0m [1;30mWARNING[0m [33mThe path '/Users/woong/source/Auto_RC/install/auto_rc_description' in the environment variable AMENT_PREFIX_PATH doesn't exist[0m
[0.170s] [34mcolcon.colcon_ros.prefix_path.ament[0m [1;30mWARNING[0m [33mThe path '/Users/woong/source/Auto_RC/install/Auto_RC' in the environment variable AMENT_PREFIX_PATH doesn't exist[0m
[0.170s] [34mcolcon.colcon_ros.prefix_path.catkin[0m [1;30mWARNING[0m [33mThe path '/Users/woong/source/Auto_RC/install/auto_rc_description' in the environment variable CMAKE_PREFIX_PATH doesn't exist[0m
[0.170s] [34mcolcon.colcon_ros.prefix_path.catkin[0m [1;30mWARNING[0m [33mThe path '/Users/woong/source/Auto_RC/install/Auto_RC' in the environment variable CMAKE_PREFIX_PATH doesn't exist[0m
[0.180s] [34mcolcon.colcon_core.event_handler.log_command[0m [1;30mDEBUG[0m [32mInvoking command in '/Users/woong/source/Auto_RC/build/auto_rc': CONDA_ENV_SHLVL_2_PIXI_PROMPT=(Auto_RC) CONDA_ENV_SHLVL_3_PIXI_PROMPT=(Auto_RC) PIXI_PROMPT=(Auto_RC) SHLVL=3 _=/usr/bin/env /Users/woong/source/Auto_RC/.pixi/envs/default/bin/cmake /Users/woong/source/Auto_RC/src/auto_rc -DAMENT_CMAKE_SYMLINK_INSTALL=1 -DCMAKE_INSTALL_PREFIX=/Users/woong/source/Auto_RC/install/auto_rc[0m
[1.200s] [34mcolcon.colcon_core.event_handler.log_command[0m [1;30mDEBUG[0m [32mInvoked command in '/Users/woong/source/Auto_RC/build/auto_rc' returned '0': CONDA_ENV_SHLVL_2_PIXI_PROMPT=(Auto_RC) CONDA_ENV_SHLVL_3_PIXI_PROMPT=(Auto_RC) PIXI_PROMPT=(Auto_RC) SHLVL=3 _=/usr/bin/env /Users/woong/source/Auto_RC/.pixi/envs/default/bin/cmake /Users/woong/source/Auto_RC/src/auto_rc -DAMENT_CMAKE_SYMLINK_INSTALL=1 -DCMAKE_INSTALL_PREFIX=/Users/woong/source/Auto_RC/install/auto_rc[0m
[1.202s] [34mcolcon.colcon_core.event_handler.log_command[0m [1;30mDEBUG[0m [32mInvoking command in '/Users/woong/source/Auto_RC/build/auto_rc': CONDA_ENV_SHLVL_2_PIXI_PROMPT=(Auto_RC) CONDA_ENV_SHLVL_3_PIXI_PROMPT=(Auto_RC) PIXI_PROMPT=(Auto_RC) SHLVL=3 _=/usr/bin/env /Users/woong/source/Auto_RC/.pixi/envs/default/bin/cmake --build /Users/woong/source/Auto_RC/build/auto_rc -- -j10 -l10[0m
[1.246s] [34mcolcon.colcon_core.event_handler.log_command[0m [1;30mDEBUG[0m [32mInvoked command in '/Users/woong/source/Auto_RC/build/auto_rc' returned '0': CONDA_ENV_SHLVL_2_PIXI_PROMPT=(Auto_RC) CONDA_ENV_SHLVL_3_PIXI_PROMPT=(Auto_RC) PIXI_PROMPT=(Auto_RC) SHLVL=3 _=/usr/bin/env /Users/woong/source/Auto_RC/.pixi/envs/default/bin/cmake --build /Users/woong/source/Auto_RC/build/auto_rc -- -j10 -l10[0m
[1.259s] [34mcolcon.colcon_core.event_handler.log_command[0m [1;30mDEBUG[0m [32mInvoking command in '/Users/woong/source/Auto_RC/build/auto_rc': CONDA_ENV_SHLVL_2_PIXI_PROMPT=(Auto_RC) CONDA_ENV_SHLVL_3_PIXI_PROMPT=(Auto_RC) PIXI_PROMPT=(Auto_RC) SHLVL=3 _=/usr/bin/env /Users/woong/source/Auto_RC/.pixi/envs/default/bin/cmake --install /Users/woong/source/Auto_RC/build/auto_rc[0m
[1.403s] [34mcolcon.colcon_core.environment[0m [1;30mLevel 1[0m create_environment_scripts_only(auto_rc)
[1.403s] [34mcolcon.colcon_core.event_handler.log_command[0m [1;30mDEBUG[0m [32mInvoked command in '/Users/woong/source/Auto_RC/build/auto_rc' returned '0': CONDA_ENV_SHLVL_2_PIXI_PROMPT=(Auto_RC) CONDA_ENV_SHLVL_3_PIXI_PROMPT=(Auto_RC) PIXI_PROMPT=(Auto_RC) SHLVL=3 _=/usr/bin/env /Users/woong/source/Auto_RC/.pixi/envs/default/bin/cmake --install /Users/woong/source/Auto_RC/build/auto_rc[0m
[1.406s] [34mcolcon.colcon_core.environment[0m [1;30mLevel 1[0m checking '/Users/woong/source/Auto_RC/install/auto_rc' for CMake module files
[1.406s] [34mcolcon.colcon_core.environment[0m [1;30mLevel 1[0m checking '/Users/woong/source/Auto_RC/install/auto_rc' for CMake config files
[1.406s] [34mcolcon.colcon_core.shell[0m [1;30mLevel 1[0m create_environment_hook('auto_rc', 'cmake_prefix_path')
[1.406s] [34mcolcon.colcon_core.shell[0m [1;30mINFO[0m Creating environment hook '/Users/woong/source/Auto_RC/install/auto_rc/share/auto_rc/hook/cmake_prefix_path.ps1'
[1.406s] [34mcolcon.colcon_core.shell[0m [1;30mINFO[0m Creating environment descriptor '/Users/woong/source/Auto_RC/install/auto_rc/share/auto_rc/hook/cmake_prefix_path.dsv'
[1.407s] [34mcolcon.colcon_core.shell[0m [1;30mINFO[0m Creating environment hook '/Users/woong/source/Auto_RC/install/auto_rc/share/auto_rc/hook/cmake_prefix_path.sh'
[1.407s] [34mcolcon.colcon_core.environment[0m [1;30mLevel 1[0m checking '/Users/woong/source/Auto_RC/install/auto_rc/lib'
[1.407s] [34mcolcon.colcon_core.environment[0m [1;30mLevel 1[0m checking '/Users/woong/source/Auto_RC/install/auto_rc/bin'
[1.407s] [34mcolcon.colcon_core.environment[0m [1;30mLevel 1[0m checking '/Users/woong/source/Auto_RC/install/auto_rc/lib/pkgconfig/auto_rc.pc'
[1.407s] [34mcolcon.colcon_core.environment[0m [1;30mLevel 1[0m checking '/Users/woong/source/Auto_RC/install/auto_rc/lib/python3.12/site-packages'
[1.408s] [34mcolcon.colcon_core.environment[0m [1;30mLevel 1[0m checking '/Users/woong/source/Auto_RC/install/auto_rc/bin'
[1.408s] [34mcolcon.colcon_core.shell[0m [1;30mINFO[0m Creating package script '/Users/woong/source/Auto_RC/install/auto_rc/share/auto_rc/package.ps1'
[1.408s] [34mcolcon.colcon_core.shell[0m [1;30mINFO[0m Creating package descriptor '/Users/woong/source/Auto_RC/install/auto_rc/share/auto_rc/package.dsv'
[1.408s] [34mcolcon.colcon_core.shell[0m [1;30mINFO[0m Creating package script '/Users/woong/source/Auto_RC/install/auto_rc/share/auto_rc/package.sh'
[1.409s] [34mcolcon.colcon_core.shell[0m [1;30mINFO[0m Creating package script '/Users/woong/source/Auto_RC/install/auto_rc/share/auto_rc/package.bash'
[1.409s] [34mcolcon.colcon_core.shell[0m [1;30mINFO[0m Creating package script '/Users/woong/source/Auto_RC/install/auto_rc/share/auto_rc/package.zsh'
[1.409s] [34mcolcon.colcon_core.environment[0m [1;30mLevel 1[0m create_file_with_runtime_dependencies(/Users/woong/source/Auto_RC/install/auto_rc/share/colcon-core/packages/auto_rc)
[1.409s] [34mcolcon.colcon_core.environment[0m [1;30mLevel 1[0m create_environment_scripts_only(auto_rc)
[1.410s] [34mcolcon.colcon_core.environment[0m [1;30mLevel 1[0m checking '/Users/woong/source/Auto_RC/install/auto_rc' for CMake module files
[1.410s] [34mcolcon.colcon_core.environment[0m [1;30mLevel 1[0m checking '/Users/woong/source/Auto_RC/install/auto_rc' for CMake config files
[1.410s] [34mcolcon.colcon_core.shell[0m [1;30mLevel 1[0m create_environment_hook('auto_rc', 'cmake_prefix_path')
[1.410s] [34mcolcon.colcon_core.shell[0m [1;30mINFO[0m Creating environment hook '/Users/woong/source/Auto_RC/install/auto_rc/share/auto_rc/hook/cmake_prefix_path.ps1'
[1.410s] [34mcolcon.colcon_core.shell[0m [1;30mINFO[0m Creating environment descriptor '/Users/woong/source/Auto_RC/install/auto_rc/share/auto_rc/hook/cmake_prefix_path.dsv'
[1.410s] [34mcolcon.colcon_core.shell[0m [1;30mINFO[0m Creating environment hook '/Users/woong/source/Auto_RC/install/auto_rc/share/auto_rc/hook/cmake_prefix_path.sh'
[1.410s] [34mcolcon.colcon_core.environment[0m [1;30mLevel 1[0m checking '/Users/woong/source/Auto_RC/install/auto_rc/lib'
[1.410s] [34mcolcon.colcon_core.environment[0m [1;30mLevel 1[0m checking '/Users/woong/source/Auto_RC/install/auto_rc/bin'
[1.410s] [34mcolcon.colcon_core.environment[0m [1;30mLevel 1[0m checking '/Users/woong/source/Auto_RC/install/auto_rc/lib/pkgconfig/auto_rc.pc'
[1.410s] [34mcolcon.colcon_core.environment[0m [1;30mLevel 1[0m checking '/Users/woong/source/Auto_RC/install/auto_rc/lib/python3.12/site-packages'
[1.411s] [34mcolcon.colcon_core.environment[0m [1;30mLevel 1[0m checking '/Users/woong/source/Auto_RC/install/auto_rc/bin'
[1.411s] [34mcolcon.colcon_core.shell[0m [1;30mINFO[0m Creating package script '/Users/woong/source/Auto_RC/install/auto_rc/share/auto_rc/package.ps1'
[1.411s] [34mcolcon.colcon_core.shell[0m [1;30mINFO[0m Creating package descriptor '/Users/woong/source/Auto_RC/install/auto_rc/share/auto_rc/package.dsv'
[1.411s] [34mcolcon.colcon_core.shell[0m [1;30mINFO[0m Creating package script '/Users/woong/source/Auto_RC/install/auto_rc/share/auto_rc/package.sh'
[1.411s] [34mcolcon.colcon_core.shell[0m [1;30mINFO[0m Creating package script '/Users/woong/source/Auto_RC/install/auto_rc/share/auto_rc/package.bash'
[1.411s] [34mcolcon.colcon_core.shell[0m [1;30mINFO[0m Creating package script '/Users/woong/source/Auto_RC/install/auto_rc/share/auto_rc/package.zsh'
[1.411s] [34mcolcon.colcon_core.environment[0m [1;30mLevel 1[0m create_file_with_runtime_dependencies(/Users/woong/source/Auto_RC/install/auto_rc/share/colcon-core/packages/auto_rc)
[1.412s] [34mcolcon.colcon_parallel_executor.executor.parallel[0m [1;30mDEBUG[0m [32mclosing loop[0m
[1.412s] [34mcolcon.colcon_parallel_executor.executor.parallel[0m [1;30mDEBUG[0m [32mloop closed[0m
[1.412s] [34mcolcon.colcon_parallel_executor.executor.parallel[0m [1;30mDEBUG[0m [32mrun_until_complete finished with '0'[0m
[1.412s] [34mcolcon.colcon_core.event_reactor[0m [1;30mDEBUG[0m [32mjoining thread[0m
[1.412s] [34mcolcon.colcon_core.event_reactor[0m [1;30mDEBUG[0m [32mjoined thread[0m
[1.412s] [34mcolcon.colcon_core.shell[0m [1;30mINFO[0m Creating prefix script '/Users/woong/source/Auto_RC/install/local_setup.ps1'
[1.413s] [34mcolcon.colcon_core.shell[0m [1;30mINFO[0m Creating prefix util module '/Users/woong/source/Auto_RC/install/_local_setup_util_ps1.py'
[1.413s] [34mcolcon.colcon_core.shell[0m [1;30mINFO[0m Creating prefix chain script '/Users/woong/source/Auto_RC/install/setup.ps1'
[1.414s] [34mcolcon.colcon_core.shell[0m [1;30mINFO[0m Creating prefix script '/Users/woong/source/Auto_RC/install/local_setup.sh'
[1.414s] [34mcolcon.colcon_core.shell[0m [1;30mINFO[0m Creating prefix util module '/Users/woong/source/Auto_RC/install/_local_setup_util_sh.py'
[1.414s] [34mcolcon.colcon_core.shell[0m [1;30mINFO[0m Creating prefix chain script '/Users/woong/source/Auto_RC/install/setup.sh'
[1.415s] [34mcolcon.colcon_core.shell[0m [1;30mINFO[0m Creating prefix script '/Users/woong/source/Auto_RC/install/local_setup.bash'
[1.415s] [34mcolcon.colcon_core.shell[0m [1;30mINFO[0m Creating prefix chain script '/Users/woong/source/Auto_RC/install/setup.bash'
[1.415s] [34mcolcon.colcon_core.shell[0m [1;30mINFO[0m Creating prefix script '/Users/woong/source/Auto_RC/install/local_setup.zsh'
[1.415s] [34mcolcon.colcon_core.shell[0m [1;30mINFO[0m Creating prefix chain script '/Users/woong/source/Auto_RC/install/setup.zsh'
