[0.018s] Invoking command in '/Users/woong/source/Auto_RC/build/auto_rc': CONDA_ENV_SHLVL_2_PIXI_PROMPT=(Auto_RC) CONDA_ENV_SHLVL_3_PIXI_PROMPT=(Auto_RC) PIXI_PROMPT=(Auto_RC) SHLVL=3 _=/usr/bin/env /Users/woong/source/Auto_RC/.pixi/envs/default/bin/cmake --build /Users/woong/source/Auto_RC/build/auto_rc -- -j10 -l10
[0.101s] Invoked command in '/Users/woong/source/Auto_RC/build/auto_rc' returned '0': CONDA_ENV_SHLVL_2_PIXI_PROMPT=(Auto_RC) CONDA_ENV_SHLVL_3_PIXI_PROMPT=(Auto_RC) PIXI_PROMPT=(Auto_RC) SHLVL=3 _=/usr/bin/env /Users/woong/source/Auto_RC/.pixi/envs/default/bin/cmake --build /Users/woong/source/Auto_RC/build/auto_rc -- -j10 -l10
[0.114s] Invoking command in '/Users/woong/source/Auto_RC/build/auto_rc': CONDA_ENV_SHLVL_2_PIXI_PROMPT=(Auto_RC) CONDA_ENV_SHLVL_3_PIXI_PROMPT=(Auto_RC) PIXI_PROMPT=(Auto_RC) SHLVL=3 _=/usr/bin/env /Users/woong/source/Auto_RC/.pixi/envs/default/bin/cmake --install /Users/woong/source/Auto_RC/build/auto_rc
[0.123s] -- Install configuration: ""
[0.124s] -- Execute custom install script
[0.124s] -- Up-to-date symlink: /Users/woong/source/Auto_RC/install/auto_rc/share/auto_rc/urdf/auto_rc.urdf.xacro
[0.124s] -- Up-to-date symlink: /Users/woong/source/Auto_RC/install/auto_rc/share/auto_rc/launch/sim.launch.py
[0.124s] -- Up-to-date symlink: /Users/woong/source/Auto_RC/install/auto_rc/share/ament_index/resource_index/package_run_dependencies/auto_rc
[0.124s] -- Up-to-date symlink: /Users/woong/source/Auto_RC/install/auto_rc/share/ament_index/resource_index/parent_prefix_path/auto_rc
[0.125s] -- Up-to-date symlink: /Users/woong/source/Auto_RC/install/auto_rc/share/auto_rc/environment/ament_prefix_path.sh
[0.125s] -- Up-to-date symlink: /Users/woong/source/Auto_RC/install/auto_rc/share/auto_rc/environment/ament_prefix_path.dsv
[0.125s] -- Up-to-date symlink: /Users/woong/source/Auto_RC/install/auto_rc/share/auto_rc/environment/path.sh
[0.125s] -- Up-to-date symlink: /Users/woong/source/Auto_RC/install/auto_rc/share/auto_rc/environment/path.dsv
[0.125s] -- Up-to-date symlink: /Users/woong/source/Auto_RC/install/auto_rc/share/auto_rc/local_setup.bash
[0.125s] -- Up-to-date symlink: /Users/woong/source/Auto_RC/install/auto_rc/share/auto_rc/local_setup.sh
[0.125s] -- Up-to-date symlink: /Users/woong/source/Auto_RC/install/auto_rc/share/auto_rc/local_setup.zsh
[0.125s] -- Up-to-date symlink: /Users/woong/source/Auto_RC/install/auto_rc/share/auto_rc/local_setup.dsv
[0.125s] -- Symlinking: /Users/woong/source/Auto_RC/install/auto_rc/share/auto_rc/package.dsv
[0.133s] -- Up-to-date symlink: /Users/woong/source/Auto_RC/install/auto_rc/share/ament_index/resource_index/packages/auto_rc
[0.133s] -- Up-to-date symlink: /Users/woong/source/Auto_RC/install/auto_rc/share/auto_rc/cmake/auto_rcConfig.cmake
[0.133s] -- Up-to-date symlink: /Users/woong/source/Auto_RC/install/auto_rc/share/auto_rc/cmake/auto_rcConfig-version.cmake
[0.133s] -- Up-to-date symlink: /Users/woong/source/Auto_RC/install/auto_rc/share/auto_rc/package.xml
[0.134s] Invoked command in '/Users/woong/source/Auto_RC/build/auto_rc' returned '0': CONDA_ENV_SHLVL_2_PIXI_PROMPT=(Auto_RC) CONDA_ENV_SHLVL_3_PIXI_PROMPT=(Auto_RC) PIXI_PROMPT=(Auto_RC) SHLVL=3 _=/usr/bin/env /Users/woong/source/Auto_RC/.pixi/envs/default/bin/cmake --install /Users/woong/source/Auto_RC/build/auto_rc
